[debug] [2026-05-12T16:43:24.900Z] ----------------------------------------------------------------------
[debug] [2026-05-12T16:43:24.901Z] Command:       /home/isa_bot/.nvm/versions/node/v22.18.0/bin/node /home/isa_bot/.nvm/versions/node/v22.18.0/bin/firebase emulators:start --only firestore
[debug] [2026-05-12T16:43:24.901Z] CLI Version:   15.17.0
[debug] [2026-05-12T16:43:24.901Z] Platform:      linux
[debug] [2026-05-12T16:43:24.901Z] Node Version:  v22.18.0
[debug] [2026-05-12T16:43:24.901Z] Time:          Tue May 12 2026 23:43:24 GMT+0700 (Indochina Time)
[debug] [2026-05-12T16:43:24.902Z] ----------------------------------------------------------------------
[debug] 
[debug] [2026-05-12T16:43:25.457Z] Object "/emulators" in "firebase.json" has unknown property: {"additionalProperty":"single_project_mode"}
[debug] [2026-05-12T16:43:25.460Z] > command requires scopes: ["email","openid","https://www.googleapis.com/auth/cloudplatformprojects.readonly","https://www.googleapis.com/auth/firebase","https://www.googleapis.com/auth/cloud-platform"]
[debug] Failed to authenticate, have you run firebase login?
[warn] ⚠  emulators: You are not currently authenticated so some features may not work correctly. Please run firebase login to authenticate the CLI. 
[debug] [2026-05-12T16:43:28.531Z] java version "26.0.1" 2026-04-21
Java(TM) SE Runtime Environment (build 26.0.1+8-34)

[debug] [2026-05-12T16:43:28.531Z] Java HotSpot(TM) 64-Bit Server VM (build 26.0.1+8-34, mixed mode, sharing)

[debug] [2026-05-12T16:43:28.534Z] Parsed Java major version: 26
[info] i  emulators: Starting emulators: firestore {"metadata":{"emulator":{"name":"hub"},"message":"Starting emulators: firestore"}}
[info] i  emulators: Detected demo project ID "demo-no-project", emulated services will use a demo configuration and attempts to access non-emulated services for this project will fail. {"metadata":{"emulator":{"name":"hub"},"message":"Detected demo project ID \"demo-no-project\", emulated services will use a demo configuration and attempts to access non-emulated services for this project will fail."}}
[debug] [2026-05-12T16:43:28.537Z] [logging] Logging Emulator only supports listening on one address (127.0.0.1). Not listening on ::1
[debug] [2026-05-12T16:43:28.537Z] [firestore] Firestore Emulator only supports listening on one address (127.0.0.1). Not listening on ::1
[debug] [2026-05-12T16:43:28.537Z] [firestore.websocket] websocket server for firestore only supports listening on one address (127.0.0.1). Not listening on ::1
[debug] [2026-05-12T16:43:28.537Z] assigned listening specs for emulators {"user":{"hub":[{"address":"127.0.0.1","family":"IPv4","port":4400},{"address":"::1","family":"IPv6","port":4400}],"ui":[{"address":"127.0.0.1","family":"IPv4","port":4000},{"address":"::1","family":"IPv6","port":4000}],"logging":[{"address":"127.0.0.1","family":"IPv4","port":4500}],"firestore":[{"address":"127.0.0.1","family":"IPv4","port":8080}],"firestore.websocket":[{"address":"127.0.0.1","family":"IPv4","port":9150}]},"metadata":{"message":"assigned listening specs for emulators"}}
[debug] [2026-05-12T16:43:28.539Z] Write emulator hub locator at /tmp/hub-demo-no-project.json
[debug] [2026-05-12T16:43:28.543Z] Ignoring unsupported arg: auto_download {"metadata":{"emulator":{"name":"firestore"},"message":"Ignoring unsupported arg: auto_download"}}
[debug] [2026-05-12T16:43:28.543Z] Ignoring unsupported arg: single_project_mode_error {"metadata":{"emulator":{"name":"firestore"},"message":"Ignoring unsupported arg: single_project_mode_error"}}
[debug] [2026-05-12T16:43:28.543Z] Starting Firestore Emulator with command {"binary":"java","args":["-Dgoogle.cloud_firestore.debug_log_level=FINE","-Duser.language=en","-jar","/home/isa_bot/.cache/firebase/emulators/cloud-firestore-emulator-v1.21.0.jar","--host","127.0.0.1","--port",8080,"--websocket_port",9150,"--database-edition","standard","--project_id","demo-no-project","--rules","/home/isa_bot/app/isa/gcp/juara-vibe-coding/apps/api/firestore.rules","--single_project_mode",true],"optionalArgs":["port","webchannel_port","host","rules","websocket_port","database-edition","functions_emulator","seed_from_export","project_id","single_project_mode"],"joinArgs":false,"shell":false,"port":8080} {"metadata":{"emulator":{"name":"firestore"},"message":"Starting Firestore Emulator with command {\"binary\":\"java\",\"args\":[\"-Dgoogle.cloud_firestore.debug_log_level=FINE\",\"-Duser.language=en\",\"-jar\",\"/home/isa_bot/.cache/firebase/emulators/cloud-firestore-emulator-v1.21.0.jar\",\"--host\",\"127.0.0.1\",\"--port\",8080,\"--websocket_port\",9150,\"--database-edition\",\"standard\",\"--project_id\",\"demo-no-project\",\"--rules\",\"/home/isa_bot/app/isa/gcp/juara-vibe-coding/apps/api/firestore.rules\",\"--single_project_mode\",true],\"optionalArgs\":[\"port\",\"webchannel_port\",\"host\",\"rules\",\"websocket_port\",\"database-edition\",\"functions_emulator\",\"seed_from_export\",\"project_id\",\"single_project_mode\"],\"joinArgs\":false,\"shell\":false,\"port\":8080}"}}
[info] i  firestore: Firestore Emulator logging to firestore-debug.log {"metadata":{"emulator":{"name":"firestore"},"message":"Firestore Emulator logging to firestore-debug.log"}}
[debug] [2026-05-12T16:43:28.752Z] WARNING: A terminally deprecated method in sun.misc.Unsafe has been called
WARNING: sun.misc.Unsafe::allocateMemory has been called by io.netty.util.internal.PlatformDependent0$2 (file:/home/isa_bot/.cache/firebase/emulators/cloud-firestore-emulator-v1.21.0.jar)
WARNING: Please consider reporting this to the maintainers of class io.netty.util.internal.PlatformDependent0$2
WARNING: sun.misc.Unsafe::allocateMemory will be removed in a future release
 {"metadata":{"emulator":{"name":"firestore"},"message":"WARNING: A terminally deprecated method in sun.misc.Unsafe has been called\nWARNING: sun.misc.Unsafe::allocateMemory has been called by io.netty.util.internal.PlatformDependent0$2 (file:/home/isa_bot/.cache/firebase/emulators/cloud-firestore-emulator-v1.21.0.jar)\nWARNING: Please consider reporting this to the maintainers of class io.netty.util.internal.PlatformDependent0$2\nWARNING: sun.misc.Unsafe::allocateMemory will be removed in a future release\n"}}
[debug] [2026-05-12T16:43:28.949Z] WARNING: A restricted method in java.lang.System has been called
WARNING: java.lang.System::loadLibrary has been called by io.netty.util.internal.NativeLibraryUtil in an unnamed module (file:/home/isa_bot/.cache/firebase/emulators/cloud-firestore-emulator-v1.21.0.jar)
WARNING: Use --enable-native-access= {"metadata":{"emulator":{"name":"firestore"},"message":"WARNING: A restricted method in java.lang.System has been called\nWARNING: java.lang.System::loadLibrary has been called by io.netty.util.internal.NativeLibraryUtil in an unnamed module (file:/home/isa_bot/.cache/firebase/emulators/cloud-firestore-emulator-v1.21.0.jar)\nWARNING: Use --enable-native-access="}}
[debug] [2026-05-12T16:43:28.949Z] ALL-UNNAMED to avoid a warning for callers in this module
WARNING: Restricted methods will be blocked in a future release unless native access is enabled

 {"metadata":{"emulator":{"name":"firestore"},"message":"ALL-UNNAMED to avoid a warning for callers in this module\nWARNING: Restricted methods will be blocked in a future release unless native access is enabled\n\n"}}
[debug] [2026-05-12T16:43:29.255Z] May 12, 2026 11:43:29 PM com.google.cloud.datastore.emulator.firestore.websocket.WebSocketServer start
INFO: Started WebSocket server on ws://127.0.0.1:9150
 {"metadata":{"emulator":{"name":"firestore"},"message":"May 12, 2026 11:43:29 PM com.google.cloud.datastore.emulator.firestore.websocket.WebSocketServer start\nINFO: Started WebSocket server on ws://127.0.0.1:9150\n"}}
[debug] [2026-05-12T16:43:29.273Z] 
API endpoint: http:// {"metadata":{"emulator":{"name":"firestore"},"message":"\nAPI endpoint: http://"}}
[debug] [2026-05-12T16:43:29.274Z] 127.0.0.1:8080
Database Edition: STANDARD
Database Mode: CLOUD_FIRESTORE

If you are using a library that supports the FIRESTORE_EMULATOR_HOST environment variable, run:

   export FIRESTORE_EMULATOR_HOST=127.0.0.1:8080

If you are running a Firestore in Datastore Mode project, run:

   export DATASTORE_EMULATOR_HOST=127.0.0.1:8080

Note: Support for Datastore Mode is in preview. If you encounter any bugs please file at https://github.com/firebase/firebase-tools/issues.
Dev App Server is now running.

 {"metadata":{"emulator":{"name":"firestore"},"message":"127.0.0.1:8080\nDatabase Edition: STANDARD\nDatabase Mode: CLOUD_FIRESTORE\n\nIf you are using a library that supports the FIRESTORE_EMULATOR_HOST environment variable, run:\n\n   export FIRESTORE_EMULATOR_HOST=127.0.0.1:8080\n\nIf you are running a Firestore in Datastore Mode project, run:\n\n   export DATASTORE_EMULATOR_HOST=127.0.0.1:8080\n\nNote: Support for Datastore Mode is in preview. If you encounter any bugs please file at https://github.com/firebase/firebase-tools/issues.\nDev App Server is now running.\n\n"}}
[info] ✔  firestore: Firestore Emulator was started in standard edition. {"metadata":{"emulator":{"name":"firestore"},"message":"Firestore Emulator was started in standard edition."}}
[info] ✔  firestore: Firestore Emulator UI websocket is running on 9150. {"metadata":{"emulator":{"name":"firestore"},"message":"Firestore Emulator UI websocket is running on 9150."}}
[info] i  ui: downloading ui-v1.15.0.zip... {"metadata":{"emulator":{"name":"ui"},"message":"downloading ui-v1.15.0.zip..."}}
[debug] [2026-05-12T16:43:29.354Z] >>> [apiv2][query] GET https://storage.googleapis.com/firebase-preview-drop/emulator/ui-v1.15.0.zip 
[debug] [2026-05-12T16:43:34.738Z] <<< [apiv2][status] GET https://storage.googleapis.com/firebase-preview-drop/emulator/ui-v1.15.0.zip 200
[debug] [2026-05-12T16:43:34.738Z] <<< [apiv2][body] GET https://storage.googleapis.com/firebase-preview-drop/emulator/ui-v1.15.0.zip [stream]
[debug] [2026-05-12T16:43:35.279Z] Data is 3538469
[debug] [2026-05-12T16:43:35.279Z] [unzip] Entry: client/ (compressed_size=0 bytes, uncompressed_size=0 bytes)
[debug] [2026-05-12T16:43:35.279Z] [unzip] Processing entry: client/
[debug] [2026-05-12T16:43:35.279Z] [unzip] mkdir: /home/isa_bot/.cache/firebase/emulators/ui-v1.15.0/client/
[debug] [2026-05-12T16:43:35.279Z] [unzip] Entry: client/favicon-16x16.png (compressed_size=293 bytes, uncompressed_size=293 bytes)
[debug] [2026-05-12T16:43:35.280Z] [unzip] Processing entry: client/favicon-16x16.png
[debug] [2026-05-12T16:43:35.280Z] [unzip] else mkdir: /home/isa_bot/.cache/firebase/emulators/ui-v1.15.0/client
[debug] [2026-05-12T16:43:35.280Z] [unzip] Writing file: /home/isa_bot/.cache/firebase/emulators/ui-v1.15.0/client/favicon-16x16.png
[debug] [2026-05-12T16:43:35.280Z] [unzip] Entry: client/safari-pinned-tab.svg (compressed_size=1433 bytes, uncompressed_size=2611 bytes)
[debug] [2026-05-12T16:43:35.280Z] [unzip] Processing entry: client/safari-pinned-tab.svg
[debug] [2026-05-12T16:43:35.280Z] [unzip] else mkdir: /home/isa_bot/.cache/firebase/emulators/ui-v1.15.0/client
[debug] [2026-05-12T16:43:35.280Z] [unzip] deflating: /home/isa_bot/.cache/firebase/emulators/ui-v1.15.0/client/safari-pinned-tab.svg
[debug] [2026-05-12T16:43:35.282Z] [unzip] Entry: client/favicon.ico (compressed_size=2933 bytes, uncompressed_size=13294 bytes)
[debug] [2026-05-12T16:43:35.282Z] [unzip] Processing entry: client/favicon.ico
[debug] [2026-05-12T16:43:35.282Z] [unzip] else mkdir: /home/isa_bot/.cache/firebase/emulators/ui-v1.15.0/client
[debug] [2026-05-12T16:43:35.282Z] [unzip] deflating: /home/isa_bot/.cache/firebase/emulators/ui-v1.15.0/client/favicon.ico
[debug] [2026-05-12T16:43:35.283Z] [unzip] Entry: client/index.html (compressed_size=1364 bytes, uncompressed_size=3071 bytes)
[debug] [2026-05-12T16:43:35.284Z] [unzip] Processing entry: client/index.html
[debug] [2026-05-12T16:43:35.284Z] [unzip] else mkdir: /home/isa_bot/.cache/firebase/emulators/ui-v1.15.0/client
[debug] [2026-05-12T16:43:35.284Z] [unzip] deflating: /home/isa_bot/.cache/firebase/emulators/ui-v1.15.0/client/index.html
[debug] [2026-05-12T16:43:35.284Z] [unzip] Entry: client/android-chrome-192x192.png (compressed_size=2684 bytes, uncompressed_size=2684 bytes)
[debug] [2026-05-12T16:43:35.284Z] [unzip] Processing entry: client/android-chrome-192x192.png
[debug] [2026-05-12T16:43:35.284Z] [unzip] else mkdir: /home/isa_bot/.cache/firebase/emulators/ui-v1.15.0/client
[debug] [2026-05-12T16:43:35.284Z] [unzip] Writing file: /home/isa_bot/.cache/firebase/emulators/ui-v1.15.0/client/android-chrome-192x192.png
[debug] [2026-05-12T16:43:35.284Z] [unzip] Entry: client/apple-touch-icon.png (compressed_size=2123 bytes, uncompressed_size=2152 bytes)
[debug] [2026-05-12T16:43:35.284Z] [unzip] Processing entry: client/apple-touch-icon.png
[debug] [2026-05-12T16:43:35.284Z] [unzip] else mkdir: /home/isa_bot/.cache/firebase/emulators/ui-v1.15.0/client
[debug] [2026-05-12T16:43:35.285Z] [unzip] deflating: /home/isa_bot/.cache/firebase/emulators/ui-v1.15.0/client/apple-touch-icon.png
[debug] [2026-05-12T16:43:35.285Z] [unzip] Entry: client/android-chrome-512x512.png (compressed_size=5369 bytes, uncompressed_size=5411 bytes)
[debug] [2026-05-12T16:43:35.285Z] [unzip] Processing entry: client/android-chrome-512x512.png
[debug] [2026-05-12T16:43:35.285Z] [unzip] else mkdir: /home/isa_bot/.cache/firebase/emulators/ui-v1.15.0/client
[debug] [2026-05-12T16:43:35.285Z] [unzip] deflating: /home/isa_bot/.cache/firebase/emulators/ui-v1.15.0/client/android-chrome-512x512.png
[debug] [2026-05-12T16:43:35.286Z] [unzip] Entry: client/manifest.json (compressed_size=245 bytes, uncompressed_size=551 bytes)
[debug] [2026-05-12T16:43:35.286Z] [unzip] Processing entry: client/manifest.json
[debug] [2026-05-12T16:43:35.286Z] [unzip] else mkdir: /home/isa_bot/.cache/firebase/emulators/ui-v1.15.0/client
[debug] [2026-05-12T16:43:35.286Z] [unzip] deflating: /home/isa_bot/.cache/firebase/emulators/ui-v1.15.0/client/manifest.json
[debug] [2026-05-12T16:43:35.286Z] [unzip] Entry: client/robots.txt (compressed_size=26 bytes, uncompressed_size=26 bytes)
[debug] [2026-05-12T16:43:35.286Z] [unzip] Processing entry: client/robots.txt
[debug] [2026-05-12T16:43:35.286Z] [unzip] else mkdir: /home/isa_bot/.cache/firebase/emulators/ui-v1.15.0/client
[debug] [2026-05-12T16:43:35.286Z] [unzip] Writing file: /home/isa_bot/.cache/firebase/emulators/ui-v1.15.0/client/robots.txt
[debug] [2026-05-12T16:43:35.287Z] [unzip] Entry: client/mstile-150x150.png (compressed_size=2034 bytes, uncompressed_size=2034 bytes)
[debug] [2026-05-12T16:43:35.287Z] [unzip] Processing entry: client/mstile-150x150.png
[debug] [2026-05-12T16:43:35.287Z] [unzip] else mkdir: /home/isa_bot/.cache/firebase/emulators/ui-v1.15.0/client
[debug] [2026-05-12T16:43:35.287Z] [unzip] Writing file: /home/isa_bot/.cache/firebase/emulators/ui-v1.15.0/client/mstile-150x150.png
[debug] [2026-05-12T16:43:35.287Z] [unzip] Entry: client/assets/ (compressed_size=0 bytes, uncompressed_size=0 bytes)
[debug] [2026-05-12T16:43:35.287Z] [unzip] Processing entry: client/assets/
[debug] [2026-05-12T16:43:35.287Z] [unzip] mkdir: /home/isa_bot/.cache/firebase/emulators/ui-v1.15.0/client/assets/
[debug] [2026-05-12T16:43:35.287Z] [unzip] Entry: client/assets/index-BX-A56oj.js (compressed_size=582089 bytes, uncompressed_size=2092775 bytes)
[debug] [2026-05-12T16:43:35.287Z] [unzip] Processing entry: client/assets/index-BX-A56oj.js
[debug] [2026-05-12T16:43:35.287Z] [unzip] else mkdir: /home/isa_bot/.cache/firebase/emulators/ui-v1.15.0/client/assets
[debug] [2026-05-12T16:43:35.287Z] [unzip] deflating: /home/isa_bot/.cache/firebase/emulators/ui-v1.15.0/client/assets/index-BX-A56oj.js
[debug] [2026-05-12T16:43:35.295Z] [unzip] Entry: client/assets/index-CjB9C900.css (compressed_size=35979 bytes, uncompressed_size=298654 bytes)
[debug] [2026-05-12T16:43:35.295Z] [unzip] Processing entry: client/assets/index-CjB9C900.css
[debug] [2026-05-12T16:43:35.295Z] [unzip] else mkdir: /home/isa_bot/.cache/firebase/emulators/ui-v1.15.0/client/assets
[debug] [2026-05-12T16:43:35.295Z] [unzip] deflating: /home/isa_bot/.cache/firebase/emulators/ui-v1.15.0/client/assets/index-CjB9C900.css
[debug] [2026-05-12T16:43:35.297Z] [unzip] Entry: client/assets/index-BX-A56oj.js.map (compressed_size=2362482 bytes, uncompressed_size=10036679 bytes)
[debug] [2026-05-12T16:43:35.297Z] [unzip] Processing entry: client/assets/index-BX-A56oj.js.map
[debug] [2026-05-12T16:43:35.297Z] [unzip] else mkdir: /home/isa_bot/.cache/firebase/emulators/ui-v1.15.0/client/assets
[debug] [2026-05-12T16:43:35.297Z] [unzip] deflating: /home/isa_bot/.cache/firebase/emulators/ui-v1.15.0/client/assets/index-BX-A56oj.js.map
[debug] [2026-05-12T16:43:35.336Z] [unzip] Entry: client/assets/extensions/ (compressed_size=0 bytes, uncompressed_size=0 bytes)
[debug] [2026-05-12T16:43:35.336Z] [unzip] Processing entry: client/assets/extensions/
[debug] [2026-05-12T16:43:35.336Z] [unzip] mkdir: /home/isa_bot/.cache/firebase/emulators/ui-v1.15.0/client/assets/extensions/
[debug] [2026-05-12T16:43:35.336Z] [unzip] Entry: client/assets/extensions/default-extension.png (compressed_size=1646 bytes, uncompressed_size=1657 bytes)
[debug] [2026-05-12T16:43:35.336Z] [unzip] Processing entry: client/assets/extensions/default-extension.png
[debug] [2026-05-12T16:43:35.336Z] [unzip] else mkdir: /home/isa_bot/.cache/firebase/emulators/ui-v1.15.0/client/assets/extensions
[debug] [2026-05-12T16:43:35.336Z] [unzip] deflating: /home/isa_bot/.cache/firebase/emulators/ui-v1.15.0/client/assets/extensions/default-extension.png
[debug] [2026-05-12T16:43:35.338Z] [unzip] Entry: client/assets/img/ (compressed_size=0 bytes, uncompressed_size=0 bytes)
[debug] [2026-05-12T16:43:35.338Z] [unzip] Processing entry: client/assets/img/
[debug] [2026-05-12T16:43:35.338Z] [unzip] mkdir: /home/isa_bot/.cache/firebase/emulators/ui-v1.15.0/client/assets/img/
[debug] [2026-05-12T16:43:35.339Z] [unzip] Entry: client/assets/img/database.png (compressed_size=29449 bytes, uncompressed_size=29988 bytes)
[debug] [2026-05-12T16:43:35.339Z] [unzip] Processing entry: client/assets/img/database.png
[debug] [2026-05-12T16:43:35.339Z] [unzip] else mkdir: /home/isa_bot/.cache/firebase/emulators/ui-v1.15.0/client/assets/img
[debug] [2026-05-12T16:43:35.339Z] [unzip] deflating: /home/isa_bot/.cache/firebase/emulators/ui-v1.15.0/client/assets/img/database.png
[debug] [2026-05-12T16:43:35.340Z] [unzip] Entry: client/assets/provider-icons/ (compressed_size=0 bytes, uncompressed_size=0 bytes)
[debug] [2026-05-12T16:43:35.340Z] [unzip] Processing entry: client/assets/provider-icons/
[debug] [2026-05-12T16:43:35.340Z] [unzip] mkdir: /home/isa_bot/.cache/firebase/emulators/ui-v1.15.0/client/assets/provider-icons/
[debug] [2026-05-12T16:43:35.341Z] [unzip] Entry: client/assets/provider-icons/auth_service_saml.svg (compressed_size=575 bytes, uncompressed_size=1226 bytes)
[debug] [2026-05-12T16:43:35.341Z] [unzip] Processing entry: client/assets/provider-icons/auth_service_saml.svg
[debug] [2026-05-12T16:43:35.341Z] [unzip] else mkdir: /home/isa_bot/.cache/firebase/emulators/ui-v1.15.0/client/assets/provider-icons
[debug] [2026-05-12T16:43:35.341Z] [unzip] deflating: /home/isa_bot/.cache/firebase/emulators/ui-v1.15.0/client/assets/provider-icons/auth_service_saml.svg
[debug] [2026-05-12T16:43:35.343Z] [unzip] Entry: client/assets/provider-icons/auth_service_phone.svg (compressed_size=261 bytes, uncompressed_size=414 bytes)
[debug] [2026-05-12T16:43:35.343Z] [unzip] Processing entry: client/assets/provider-icons/auth_service_phone.svg
[debug] [2026-05-12T16:43:35.343Z] [unzip] else mkdir: /home/isa_bot/.cache/firebase/emulators/ui-v1.15.0/client/assets/provider-icons
[debug] [2026-05-12T16:43:35.343Z] [unzip] deflating: /home/isa_bot/.cache/firebase/emulators/ui-v1.15.0/client/assets/provider-icons/auth_service_phone.svg
[debug] [2026-05-12T16:43:35.344Z] [unzip] Entry: client/assets/provider-icons/auth_service_facebook.svg (compressed_size=289 bytes, uncompressed_size=457 bytes)
[debug] [2026-05-12T16:43:35.344Z] [unzip] Processing entry: client/assets/provider-icons/auth_service_facebook.svg
[debug] [2026-05-12T16:43:35.344Z] [unzip] else mkdir: /home/isa_bot/.cache/firebase/emulators/ui-v1.15.0/client/assets/provider-icons
[debug] [2026-05-12T16:43:35.344Z] [unzip] deflating: /home/isa_bot/.cache/firebase/emulators/ui-v1.15.0/client/assets/provider-icons/auth_service_facebook.svg
[debug] [2026-05-12T16:43:35.345Z] [unzip] Entry: client/assets/provider-icons/auth_service_game_center.svg (compressed_size=991 bytes, uncompressed_size=3921 bytes)
[debug] [2026-05-12T16:43:35.345Z] [unzip] Processing entry: client/assets/provider-icons/auth_service_game_center.svg
[debug] [2026-05-12T16:43:35.345Z] [unzip] else mkdir: /home/isa_bot/.cache/firebase/emulators/ui-v1.15.0/client/assets/provider-icons
[debug] [2026-05-12T16:43:35.345Z] [unzip] deflating: /home/isa_bot/.cache/firebase/emulators/ui-v1.15.0/client/assets/provider-icons/auth_service_game_center.svg
[debug] [2026-05-12T16:43:35.348Z] [unzip] Entry: client/assets/provider-icons/auth_service_apple.svg (compressed_size=230 bytes, uncompressed_size=334 bytes)
[debug] [2026-05-12T16:43:35.348Z] [unzip] Processing entry: client/assets/provider-icons/auth_service_apple.svg
[debug] [2026-05-12T16:43:35.348Z] [unzip] else mkdir: /home/isa_bot/.cache/firebase/emulators/ui-v1.15.0/client/assets/provider-icons
[debug] [2026-05-12T16:43:35.350Z] [unzip] deflating: /home/isa_bot/.cache/firebase/emulators/ui-v1.15.0/client/assets/provider-icons/auth_service_apple.svg
[debug] [2026-05-12T16:43:35.351Z] [unzip] Entry: client/assets/provider-icons/auth_service_github.svg (compressed_size=466 bytes, uncompressed_size=838 bytes)
[debug] [2026-05-12T16:43:35.352Z] [unzip] Processing entry: client/assets/provider-icons/auth_service_github.svg
[debug] [2026-05-12T16:43:35.352Z] [unzip] else mkdir: /home/isa_bot/.cache/firebase/emulators/ui-v1.15.0/client/assets/provider-icons
[debug] [2026-05-12T16:43:35.352Z] [unzip] deflating: /home/isa_bot/.cache/firebase/emulators/ui-v1.15.0/client/assets/provider-icons/auth_service_github.svg
[debug] [2026-05-12T16:43:35.352Z] [unzip] Entry: client/assets/provider-icons/auth_service_mslive.svg (compressed_size=203 bytes, uncompressed_size=378 bytes)
[debug] [2026-05-12T16:43:35.352Z] [unzip] Processing entry: client/assets/provider-icons/auth_service_mslive.svg
[debug] [2026-05-12T16:43:35.352Z] [unzip] else mkdir: /home/isa_bot/.cache/firebase/emulators/ui-v1.15.0/client/assets/provider-icons
[debug] [2026-05-12T16:43:35.352Z] [unzip] deflating: /home/isa_bot/.cache/firebase/emulators/ui-v1.15.0/client/assets/provider-icons/auth_service_mslive.svg
[debug] [2026-05-12T16:43:35.352Z] [unzip] Entry: client/assets/provider-icons/auth_service_yahoo.svg (compressed_size=577 bytes, uncompressed_size=1182 bytes)
[debug] [2026-05-12T16:43:35.353Z] [unzip] Processing entry: client/assets/provider-icons/auth_service_yahoo.svg
[debug] [2026-05-12T16:43:35.353Z] [unzip] else mkdir: /home/isa_bot/.cache/firebase/emulators/ui-v1.15.0/client/assets/provider-icons
[debug] [2026-05-12T16:43:35.353Z] [unzip] deflating: /home/isa_bot/.cache/firebase/emulators/ui-v1.15.0/client/assets/provider-icons/auth_service_yahoo.svg
[debug] [2026-05-12T16:43:35.353Z] [unzip] Entry: client/assets/provider-icons/auth_service_twitter.svg (compressed_size=444 bytes, uncompressed_size=751 bytes)
[debug] [2026-05-12T16:43:35.353Z] [unzip] Processing entry: client/assets/provider-icons/auth_service_twitter.svg
[debug] [2026-05-12T16:43:35.353Z] [unzip] else mkdir: /home/isa_bot/.cache/firebase/emulators/ui-v1.15.0/client/assets/provider-icons
[debug] [2026-05-12T16:43:35.353Z] [unzip] deflating: /home/isa_bot/.cache/firebase/emulators/ui-v1.15.0/client/assets/provider-icons/auth_service_twitter.svg
[debug] [2026-05-12T16:43:35.353Z] [unzip] Entry: client/assets/provider-icons/auth_service_play_games.svg (compressed_size=565 bytes, uncompressed_size=1173 bytes)
[debug] [2026-05-12T16:43:35.353Z] [unzip] Processing entry: client/assets/provider-icons/auth_service_play_games.svg
[debug] [2026-05-12T16:43:35.353Z] [unzip] else mkdir: /home/isa_bot/.cache/firebase/emulators/ui-v1.15.0/client/assets/provider-icons
[debug] [2026-05-12T16:43:35.353Z] [unzip] deflating: /home/isa_bot/.cache/firebase/emulators/ui-v1.15.0/client/assets/provider-icons/auth_service_play_games.svg
[debug] [2026-05-12T16:43:35.354Z] [unzip] Entry: client/assets/provider-icons/auth_service_email.svg (compressed_size=228 bytes, uncompressed_size=326 bytes)
[debug] [2026-05-12T16:43:35.354Z] [unzip] Processing entry: client/assets/provider-icons/auth_service_email.svg
[debug] [2026-05-12T16:43:35.354Z] [unzip] else mkdir: /home/isa_bot/.cache/firebase/emulators/ui-v1.15.0/client/assets/provider-icons
[debug] [2026-05-12T16:43:35.354Z] [unzip] deflating: /home/isa_bot/.cache/firebase/emulators/ui-v1.15.0/client/assets/provider-icons/auth_service_email.svg
[debug] [2026-05-12T16:43:35.354Z] [unzip] Entry: client/assets/provider-icons/auth_service_google.svg (compressed_size=409 bytes, uncompressed_size=720 bytes)
[debug] [2026-05-12T16:43:35.354Z] [unzip] Processing entry: client/assets/provider-icons/auth_service_google.svg
[debug] [2026-05-12T16:43:35.354Z] [unzip] else mkdir: /home/isa_bot/.cache/firebase/emulators/ui-v1.15.0/client/assets/provider-icons
[debug] [2026-05-12T16:43:35.354Z] [unzip] deflating: /home/isa_bot/.cache/firebase/emulators/ui-v1.15.0/client/assets/provider-icons/auth_service_google.svg
[debug] [2026-05-12T16:43:35.354Z] [unzip] Entry: client/assets/provider-icons/auth_service_oidc.svg (compressed_size=414 bytes, uncompressed_size=858 bytes)
[debug] [2026-05-12T16:43:35.355Z] [unzip] Processing entry: client/assets/provider-icons/auth_service_oidc.svg
[debug] [2026-05-12T16:43:35.355Z] [unzip] else mkdir: /home/isa_bot/.cache/firebase/emulators/ui-v1.15.0/client/assets/provider-icons
[debug] [2026-05-12T16:43:35.355Z] [unzip] deflating: /home/isa_bot/.cache/firebase/emulators/ui-v1.15.0/client/assets/provider-icons/auth_service_oidc.svg
[debug] [2026-05-12T16:43:35.355Z] [unzip] Entry: client/browserconfig.xml (compressed_size=491 bytes, uncompressed_size=822 bytes)
[debug] [2026-05-12T16:43:35.355Z] [unzip] Processing entry: client/browserconfig.xml
[debug] [2026-05-12T16:43:35.355Z] [unzip] else mkdir: /home/isa_bot/.cache/firebase/emulators/ui-v1.15.0/client
[debug] [2026-05-12T16:43:35.355Z] [unzip] deflating: /home/isa_bot/.cache/firebase/emulators/ui-v1.15.0/client/browserconfig.xml
[debug] [2026-05-12T16:43:35.356Z] [unzip] Entry: client/favicon-32x32.png (compressed_size=475 bytes, uncompressed_size=475 bytes)
[debug] [2026-05-12T16:43:35.356Z] [unzip] Processing entry: client/favicon-32x32.png
[debug] [2026-05-12T16:43:35.356Z] [unzip] else mkdir: /home/isa_bot/.cache/firebase/emulators/ui-v1.15.0/client
[debug] [2026-05-12T16:43:35.356Z] [unzip] Writing file: /home/isa_bot/.cache/firebase/emulators/ui-v1.15.0/client/favicon-32x32.png
[debug] [2026-05-12T16:43:35.356Z] [unzip] Entry: server/ (compressed_size=0 bytes, uncompressed_size=0 bytes)
[debug] [2026-05-12T16:43:35.356Z] [unzip] Processing entry: server/
[debug] [2026-05-12T16:43:35.356Z] [unzip] mkdir: /home/isa_bot/.cache/firebase/emulators/ui-v1.15.0/server/
[debug] [2026-05-12T16:43:35.356Z] [unzip] Entry: server/server.mjs.map (compressed_size=217845 bytes, uncompressed_size=944978 bytes)
[debug] [2026-05-12T16:43:35.356Z] [unzip] Processing entry: server/server.mjs.map
[debug] [2026-05-12T16:43:35.356Z] [unzip] else mkdir: /home/isa_bot/.cache/firebase/emulators/ui-v1.15.0/server
[debug] [2026-05-12T16:43:35.356Z] [unzip] deflating: /home/isa_bot/.cache/firebase/emulators/ui-v1.15.0/server/server.mjs.map
[debug] [2026-05-12T16:43:35.359Z] [unzip] Entry: server/server.mjs (compressed_size=276407 bytes, uncompressed_size=933701 bytes)
[debug] [2026-05-12T16:43:35.359Z] [unzip] Processing entry: server/server.mjs
[debug] [2026-05-12T16:43:35.359Z] [unzip] else mkdir: /home/isa_bot/.cache/firebase/emulators/ui-v1.15.0/server
[debug] [2026-05-12T16:43:35.359Z] [unzip] deflating: /home/isa_bot/.cache/firebase/emulators/ui-v1.15.0/server/server.mjs
[debug] [2026-05-12T16:43:35.366Z] Could not find VSCode notification endpoint: FetchError: request to http://localhost:40001/vscode/notify failed, reason: . If you are not running the Firebase SQL Connect VSCode extension, this is expected and not an issue.
[info] 
┌─────────────────────────────────────────────────────────────┐
│ ✔  All emulators ready! It is now safe to connect your app. │
│ i  View Emulator UI at http://127.0.0.1:4000/               │
└─────────────────────────────────────────────────────────────┘

┌───────────┬────────────────┬─────────────────────────────────┐
│ Emulator  │ Host:Port      │ View in Emulator UI             │
├───────────┼────────────────┼─────────────────────────────────┤
│ Firestore │ 127.0.0.1:8080 │ http://127.0.0.1:4000/firestore │
└───────────┴────────────────┴─────────────────────────────────┘
  Emulator Hub host: 127.0.0.1 port: 4400
  Other reserved ports: 4500, 9150

Issues? Report them at https://github.com/firebase/firebase-tools/issues and attach the *-debug.log files.
 
[debug] [2026-05-12T16:47:52.060Z] May 12, 2026 11:47:52 PM io.gapi.emulators.netty.HttpVersionRoutingHandler channelRead
INFO: Detected HTTP/2 connection.
 {"metadata":{"emulator":{"name":"firestore"},"message":"May 12, 2026 11:47:52 PM io.gapi.emulators.netty.HttpVersionRoutingHandler channelRead\nINFO: Detected HTTP/2 connection.\n"}}
[debug] [2026-05-12T16:47:52.089Z] May 12, 2026 11:47:52 PM io.grpc.netty.TcpMetrics loadEpollInfo
INFO: Epoll available during static init of TcpMetrics:false
 {"metadata":{"emulator":{"name":"firestore"},"message":"May 12, 2026 11:47:52 PM io.grpc.netty.TcpMetrics loadEpollInfo\nINFO: Epoll available during static init of TcpMetrics:false\n"}}
[debug] [2026-05-12T16:47:52.147Z] Multiple projectIds are not recommended in single project mode. Requested project ID demo-archcanvas, but the emulator is configured for demo-no-project. To opt-out of single project mode add/set the '"singleProjectMode": false' property in the firebase.json emulators config.
 {"metadata":{"emulator":{"name":"firestore"},"message":"Multiple projectIds are not recommended in single project mode. Requested project ID demo-archcanvas, but the emulator is configured for demo-no-project. To opt-out of single project mode add/set the '\"singleProjectMode\": false' property in the firebase.json emulators config.\n"}}
[debug] [2026-05-12T16:47:52.400Z] Multiple projectIds are not recommended in single project mode. Requested project ID demo-archcanvas, but the emulator is configured for demo-no-project. To opt-out of single project mode add/set the '"singleProjectMode": false' property in the firebase.json emulators config.
 {"metadata":{"emulator":{"name":"firestore"},"message":"Multiple projectIds are not recommended in single project mode. Requested project ID demo-archcanvas, but the emulator is configured for demo-no-project. To opt-out of single project mode add/set the '\"singleProjectMode\": false' property in the firebase.json emulators config.\n"}}
[debug] [2026-05-12T16:47:52.471Z] Multiple projectIds are not recommended in single project mode. Requested project ID demo-archcanvas, but the emulator is configured for demo-no-project. To opt-out of single project mode add/set the '"singleProjectMode": false' property in the firebase.json emulators config.
 {"metadata":{"emulator":{"name":"firestore"},"message":"Multiple projectIds are not recommended in single project mode. Requested project ID demo-archcanvas, but the emulator is configured for demo-no-project. To opt-out of single project mode add/set the '\"singleProjectMode\": false' property in the firebase.json emulators config.\n"}}
[debug] [2026-05-12T16:47:52.472Z] Multiple projectIds are not recommended in single project mode. Requested project ID demo-archcanvas, but the emulator is configured for demo-no-project. To opt-out of single project mode add/set the '"singleProjectMode": false' property in the firebase.json emulators config.
 {"metadata":{"emulator":{"name":"firestore"},"message":"Multiple projectIds are not recommended in single project mode. Requested project ID demo-archcanvas, but the emulator is configured for demo-no-project. To opt-out of single project mode add/set the '\"singleProjectMode\": false' property in the firebase.json emulators config.\n"}}
[debug] [2026-05-12T16:48:21.991Z] Multiple projectIds are not recommended in single project mode. Requested project ID demo-archcanvas, but the emulator is configured for demo-no-project. To opt-out of single project mode add/set the '"singleProjectMode": false' property in the firebase.json emulators config.
 {"metadata":{"emulator":{"name":"firestore"},"message":"Multiple projectIds are not recommended in single project mode. Requested project ID demo-archcanvas, but the emulator is configured for demo-no-project. To opt-out of single project mode add/set the '\"singleProjectMode\": false' property in the firebase.json emulators config.\n"}}
[debug] [2026-05-12T16:48:21.991Z] Multiple projectIds are not recommended in single project mode. Requested project ID demo-archcanvas, but the emulator is configured for demo-no-project. To opt-out of single project mode add/set the '"singleProjectMode": false' property in the firebase.json emulators config.
 {"metadata":{"emulator":{"name":"firestore"},"message":"Multiple projectIds are not recommended in single project mode. Requested project ID demo-archcanvas, but the emulator is configured for demo-no-project. To opt-out of single project mode add/set the '\"singleProjectMode\": false' property in the firebase.json emulators config.\n"}}
[debug] [2026-05-12T16:48:51.982Z] Multiple projectIds are not recommended in single project mode. Requested project ID demo-archcanvas, but the emulator is configured for demo-no-project. To opt-out of single project mode add/set the '"singleProjectMode": false' property in the firebase.json emulators config.
 {"metadata":{"emulator":{"name":"firestore"},"message":"Multiple projectIds are not recommended in single project mode. Requested project ID demo-archcanvas, but the emulator is configured for demo-no-project. To opt-out of single project mode add/set the '\"singleProjectMode\": false' property in the firebase.json emulators config.\n"}}
[debug] [2026-05-12T16:48:51.982Z] Multiple projectIds are not recommended in single project mode. Requested project ID demo-archcanvas, but the emulator is configured for demo-no-project. To opt-out of single project mode add/set the '"singleProjectMode": false' property in the firebase.json emulators config.
 {"metadata":{"emulator":{"name":"firestore"},"message":"Multiple projectIds are not recommended in single project mode. Requested project ID demo-archcanvas, but the emulator is configured for demo-no-project. To opt-out of single project mode add/set the '\"singleProjectMode\": false' property in the firebase.json emulators config.\n"}}
[debug] [2026-05-12T16:49:21.984Z] Multiple projectIds are not recommended in single project mode. Requested project ID demo-archcanvas, but the emulator is configured for demo-no-project. To opt-out of single project mode add/set the '"singleProjectMode": false' property in the firebase.json emulators config.
 {"metadata":{"emulator":{"name":"firestore"},"message":"Multiple projectIds are not recommended in single project mode. Requested project ID demo-archcanvas, but the emulator is configured for demo-no-project. To opt-out of single project mode add/set the '\"singleProjectMode\": false' property in the firebase.json emulators config.\n"}}
[debug] [2026-05-12T16:49:21.984Z] Multiple projectIds are not recommended in single project mode. Requested project ID demo-archcanvas, but the emulator is configured for demo-no-project. To opt-out of single project mode add/set the '"singleProjectMode": false' property in the firebase.json emulators config.
 {"metadata":{"emulator":{"name":"firestore"},"message":"Multiple projectIds are not recommended in single project mode. Requested project ID demo-archcanvas, but the emulator is configured for demo-no-project. To opt-out of single project mode add/set the '\"singleProjectMode\": false' property in the firebase.json emulators config.\n"}}
[debug] [2026-05-12T16:52:38.424Z] May 12, 2026 11:52:38 PM io.gapi.emulators.netty.HttpVersionRoutingHandler channelRead
INFO: Detected HTTP/2 connection.
 {"metadata":{"emulator":{"name":"firestore"},"message":"May 12, 2026 11:52:38 PM io.gapi.emulators.netty.HttpVersionRoutingHandler channelRead\nINFO: Detected HTTP/2 connection.\n"}}
[debug] [2026-05-12T16:52:38.431Z] Multiple projectIds are not recommended in single project mode. Requested project ID demo-archcanvas, but the emulator is configured for demo-no-project. To opt-out of single project mode add/set the '"singleProjectMode": false' property in the firebase.json emulators config.
 {"metadata":{"emulator":{"name":"firestore"},"message":"Multiple projectIds are not recommended in single project mode. Requested project ID demo-archcanvas, but the emulator is configured for demo-no-project. To opt-out of single project mode add/set the '\"singleProjectMode\": false' property in the firebase.json emulators config.\n"}}
[debug] [2026-05-12T16:52:38.431Z] Multiple projectIds are not recommended in single project mode. Requested project ID demo-archcanvas, but the emulator is configured for demo-no-project. To opt-out of single project mode add/set the '"singleProjectMode": false' property in the firebase.json emulators config.
 {"metadata":{"emulator":{"name":"firestore"},"message":"Multiple projectIds are not recommended in single project mode. Requested project ID demo-archcanvas, but the emulator is configured for demo-no-project. To opt-out of single project mode add/set the '\"singleProjectMode\": false' property in the firebase.json emulators config.\n"}}
[debug] [2026-05-12T16:52:38.447Z] Multiple projectIds are not recommended in single project mode. Requested project ID demo-archcanvas, but the emulator is configured for demo-no-project. To opt-out of single project mode add/set the '"singleProjectMode": false' property in the firebase.json emulators config.
 {"metadata":{"emulator":{"name":"firestore"},"message":"Multiple projectIds are not recommended in single project mode. Requested project ID demo-archcanvas, but the emulator is configured for demo-no-project. To opt-out of single project mode add/set the '\"singleProjectMode\": false' property in the firebase.json emulators config.\n"}}
[debug] [2026-05-12T16:52:38.447Z] Multiple projectIds are not recommended in single project mode. Requested project ID demo-archcanvas, but the emulator is configured for demo-no-project. To opt-out of single project mode add/set the '"singleProjectMode": false' property in the firebase.json emulators config.
 {"metadata":{"emulator":{"name":"firestore"},"message":"Multiple projectIds are not recommended in single project mode. Requested project ID demo-archcanvas, but the emulator is configured for demo-no-project. To opt-out of single project mode add/set the '\"singleProjectMode\": false' property in the firebase.json emulators config.\n"}}
[debug] [2026-05-12T16:53:08.345Z] Multiple projectIds are not recommended in single project mode. Requested project ID demo-archcanvas, but the emulator is configured for demo-no-project. To opt-out of single project mode add/set the '"singleProjectMode": false' property in the firebase.json emulators config.
 {"metadata":{"emulator":{"name":"firestore"},"message":"Multiple projectIds are not recommended in single project mode. Requested project ID demo-archcanvas, but the emulator is configured for demo-no-project. To opt-out of single project mode add/set the '\"singleProjectMode\": false' property in the firebase.json emulators config.\n"}}
[debug] [2026-05-12T16:53:08.346Z] Multiple projectIds are not recommended in single project mode. Requested project ID demo-archcanvas, but the emulator is configured for demo-no-project. To opt-out of single project mode add/set the '"singleProjectMode": false' property in the firebase.json emulators config.
 {"metadata":{"emulator":{"name":"firestore"},"message":"Multiple projectIds are not recommended in single project mode. Requested project ID demo-archcanvas, but the emulator is configured for demo-no-project. To opt-out of single project mode add/set the '\"singleProjectMode\": false' property in the firebase.json emulators config.\n"}}
[debug] [2026-05-12T16:53:38.330Z] Multiple projectIds are not recommended in single project mode. Requested project ID demo-archcanvas, but the emulator is configured for demo-no-project. To opt-out of single project mode add/set the '"singleProjectMode": false' property in the firebase.json emulators config.
 {"metadata":{"emulator":{"name":"firestore"},"message":"Multiple projectIds are not recommended in single project mode. Requested project ID demo-archcanvas, but the emulator is configured for demo-no-project. To opt-out of single project mode add/set the '\"singleProjectMode\": false' property in the firebase.json emulators config.\n"}}
[debug] [2026-05-12T16:53:38.330Z] Multiple projectIds are not recommended in single project mode. Requested project ID demo-archcanvas, but the emulator is configured for demo-no-project. To opt-out of single project mode add/set the '"singleProjectMode": false' property in the firebase.json emulators config.
 {"metadata":{"emulator":{"name":"firestore"},"message":"Multiple projectIds are not recommended in single project mode. Requested project ID demo-archcanvas, but the emulator is configured for demo-no-project. To opt-out of single project mode add/set the '\"singleProjectMode\": false' property in the firebase.json emulators config.\n"}}
